

Version:	3.7
CmdLine:	I:\workspace\FSLaunchPad\jar\FSLaunchPad.exe --l4j-debug
WOW64:		yes
Working dir:	I:\workspace\FSLaunchPad\jar\.
64-bit search:	SOFTWARE\JavaSoft\Java Runtime Environment...
Check:		SOFTWARE\JavaSoft\Java Runtime Environment\1.7
Check launcher:	C:\Program Files\Java\jre7\bin\javaw.exe (OK)
Match:		1.7
Check:		SOFTWARE\JavaSoft\Java Runtime Environment\1.7.0_75
Check launcher:	C:\Program Files\Java\jre7\bin\javaw.exe (OK)
Match:		1.7.0_75
64-bit search:	SOFTWARE\JavaSoft\Java Development Kit...
Check:		SOFTWARE\JavaSoft\Java Development Kit\1.7
Ignore:		1.7
Check:		SOFTWARE\JavaSoft\Java Development Kit\1.7.0_65
Ignore:		1.7.0_65
Check:		SOFTWARE\JavaSoft\Java Development Kit\1.8
Check launcher:	C:\Program Files\Java\jdk1.8.0_25\jre\bin\javaw.exe (OK)
Match:		1.8
Check:		SOFTWARE\JavaSoft\Java Development Kit\1.8.0_25
Check launcher:	C:\Program Files\Java\jdk1.8.0_25\jre\bin\javaw.exe (OK)
Match:		1.8.0_25
Runtime used:	1.8.0_25 (64-bit)
Launcher:	C:\Program Files\Java\jdk1.8.0_25\jre\bin\javaw.exe
Launcher args:	-jar "I:\workspace\FSLaunchPad\jar\FSLaunchPad.exe"
Args length:	51/32768 chars
Exit code:	0


Version:	3.7
CmdLine:	I:\workspace\FSLaunchPad\jar\FSLaunchPad.exe --l4j-debug
WOW64:		yes
Working dir:	I:\workspace\FSLaunchPad\jar\.
64-bit search:	SOFTWARE\JavaSoft\Java Runtime Environment...
Check:		SOFTWARE\JavaSoft\Java Runtime Environment\1.7
Check launcher:	C:\Program Files\Java\jre7\bin\javaw.exe (OK)
Match:		1.7
Check:		SOFTWARE\JavaSoft\Java Runtime Environment\1.7.0_75
Check launcher:	C:\Program Files\Java\jre7\bin\javaw.exe (OK)
Match:		1.7.0_75
64-bit search:	SOFTWARE\JavaSoft\Java Development Kit...
Check:		SOFTWARE\JavaSoft\Java Development Kit\1.7
Ignore:		1.7
Check:		SOFTWARE\JavaSoft\Java Development Kit\1.7.0_65
Ignore:		1.7.0_65
Check:		SOFTWARE\JavaSoft\Java Development Kit\1.8
Check launcher:	C:\Program Files\Java\jdk1.8.0_25\jre\bin\javaw.exe (OK)
Match:		1.8
Check:		SOFTWARE\JavaSoft\Java Development Kit\1.8.0_25
Check launcher:	C:\Program Files\Java\jdk1.8.0_25\jre\bin\javaw.exe (OK)
Match:		1.8.0_25
Runtime used:	1.8.0_25 (64-bit)
Launcher:	C:\Program Files\Java\jdk1.8.0_25\jre\bin\javaw.exe
Launcher args:	-jar "I:\workspace\FSLaunchPad\jar\FSLaunchPad.exe"
Args length:	51/32768 chars
Exit code:	0


Version:	3.7
CmdLine:	I:\workspace\FSLaunchPad\jar\FSLaunchPad.exe --l4j-debug
WOW64:		yes
Working dir:	I:\workspace\FSLaunchPad\jar\.
64-bit search:	SOFTWARE\JavaSoft\Java Runtime Environment...
Check:		SOFTWARE\JavaSoft\Java Runtime Environment\1.7
Check launcher:	C:\Program Files\Java\jre7\bin\javaw.exe (OK)
Match:		1.7
Check:		SOFTWARE\JavaSoft\Java Runtime Environment\1.7.0_75
Check launcher:	C:\Program Files\Java\jre7\bin\javaw.exe (OK)
Match:		1.7.0_75
64-bit search:	SOFTWARE\JavaSoft\Java Development Kit...
Check:		SOFTWARE\JavaSoft\Java Development Kit\1.7
Ignore:		1.7
Check:		SOFTWARE\JavaSoft\Java Development Kit\1.7.0_65
Ignore:		1.7.0_65
Check:		SOFTWARE\JavaSoft\Java Development Kit\1.8
Check launcher:	C:\Program Files\Java\jdk1.8.0_25\jre\bin\javaw.exe (OK)
Match:		1.8
Check:		SOFTWARE\JavaSoft\Java Development Kit\1.8.0_25
Check launcher:	C:\Program Files\Java\jdk1.8.0_25\jre\bin\javaw.exe (OK)
Match:		1.8.0_25
Runtime used:	1.8.0_25 (64-bit)
Launcher:	C:\Program Files\Java\jdk1.8.0_25\jre\bin\javaw.exe
Launcher args:	-jar "I:\workspace\FSLaunchPad\jar\FSLaunchPad.exe"
Args length:	51/32768 chars
Exit code:	0


Version:	3.7
CmdLine:	I:\workspace\FSLaunchPad\jar\FSLaunchPad.exe --l4j-debug
WOW64:		yes
Working dir:	I:\workspace\FSLaunchPad\jar\.
64-bit search:	SOFTWARE\JavaSoft\Java Runtime Environment...
Check:		SOFTWARE\JavaSoft\Java Runtime Environment\1.7
Check launcher:	C:\Program Files\Java\jre7\bin\javaw.exe (OK)
Match:		1.7
Check:		SOFTWARE\JavaSoft\Java Runtime Environment\1.7.0_75
Check launcher:	C:\Program Files\Java\jre7\bin\javaw.exe (OK)
Match:		1.7.0_75
64-bit search:	SOFTWARE\JavaSoft\Java Development Kit...
Check:		SOFTWARE\JavaSoft\Java Development Kit\1.7
Ignore:		1.7
Check:		SOFTWARE\JavaSoft\Java Development Kit\1.7.0_65
Ignore:		1.7.0_65
Check:		SOFTWARE\JavaSoft\Java Development Kit\1.8
Check launcher:	C:\Program Files\Java\jdk1.8.0_25\jre\bin\javaw.exe (OK)
Match:		1.8
Check:		SOFTWARE\JavaSoft\Java Development Kit\1.8.0_25
Check launcher:	C:\Program Files\Java\jdk1.8.0_25\jre\bin\javaw.exe (OK)
Match:		1.8.0_25
Runtime used:	1.8.0_25 (64-bit)
Launcher:	C:\Program Files\Java\jdk1.8.0_25\jre\bin\javaw.exe
Launcher args:	-jar "I:\workspace\FSLaunchPad\jar\FSLaunchPad.exe"
Args length:	51/32768 chars
Exit code:	0


Version:	3.7
CmdLine:	I:\workspace\FSLaunchPad\jar\FSLaunchPad.exe --l4j-debug
WOW64:		yes
Working dir:	I:\workspace\FSLaunchPad\jar\.
64-bit search:	SOFTWARE\JavaSoft\Java Runtime Environment...
Check:		SOFTWARE\JavaSoft\Java Runtime Environment\1.7
Check launcher:	C:\Program Files\Java\jre7\bin\javaw.exe (OK)
Match:		1.7
Check:		SOFTWARE\JavaSoft\Java Runtime Environment\1.7.0_75
Check launcher:	C:\Program Files\Java\jre7\bin\javaw.exe (OK)
Match:		1.7.0_75
64-bit search:	SOFTWARE\JavaSoft\Java Development Kit...
Check:		SOFTWARE\JavaSoft\Java Development Kit\1.7
Ignore:		1.7
Check:		SOFTWARE\JavaSoft\Java Development Kit\1.7.0_65
Ignore:		1.7.0_65
Check:		SOFTWARE\JavaSoft\Java Development Kit\1.8
Check launcher:	C:\Program Files\Java\jdk1.8.0_25\jre\bin\javaw.exe (OK)
Match:		1.8
Check:		SOFTWARE\JavaSoft\Java Development Kit\1.8.0_25
Check launcher:	C:\Program Files\Java\jdk1.8.0_25\jre\bin\javaw.exe (OK)
Match:		1.8.0_25
Runtime used:	1.8.0_25 (64-bit)
Launcher:	C:\Program Files\Java\jdk1.8.0_25\jre\bin\javaw.exe
Launcher args:	-jar "I:\workspace\FSLaunchPad\jar\FSLaunchPad.exe"
Args length:	51/32768 chars
Exit code:	0


Version:	3.7
CmdLine:	I:\workspace\FSLaunchPad\jar\FSLaunchPad.exe --l4j-debug
WOW64:		yes
Working dir:	I:\workspace\FSLaunchPad\jar\.
64-bit search:	SOFTWARE\JavaSoft\Java Runtime Environment...
Check:		SOFTWARE\JavaSoft\Java Runtime Environment\1.7
Check launcher:	C:\Program Files\Java\jre7\bin\javaw.exe (OK)
Match:		1.7
Check:		SOFTWARE\JavaSoft\Java Runtime Environment\1.7.0_75
Check launcher:	C:\Program Files\Java\jre7\bin\javaw.exe (OK)
Match:		1.7.0_75
64-bit search:	SOFTWARE\JavaSoft\Java Development Kit...
Check:		SOFTWARE\JavaSoft\Java Development Kit\1.7
Ignore:		1.7
Check:		SOFTWARE\JavaSoft\Java Development Kit\1.7.0_65
Ignore:		1.7.0_65
Check:		SOFTWARE\JavaSoft\Java Development Kit\1.8
Check launcher:	C:\Program Files\Java\jdk1.8.0_25\jre\bin\javaw.exe (OK)
Match:		1.8
Check:		SOFTWARE\JavaSoft\Java Development Kit\1.8.0_25
Check launcher:	C:\Program Files\Java\jdk1.8.0_25\jre\bin\javaw.exe (OK)
Match:		1.8.0_25
Runtime used:	1.8.0_25 (64-bit)
Launcher:	C:\Program Files\Java\jdk1.8.0_25\jre\bin\javaw.exe
Launcher args:	-jar "I:\workspace\FSLaunchPad\jar\FSLaunchPad.exe"
Args length:	51/32768 chars
Exit code:	0


Version:	3.7
CmdLine:	I:\workspace\FSLaunchPad\jar\FSLaunchPad.exe --l4j-debug
WOW64:		yes
Working dir:	I:\workspace\FSLaunchPad\jar\.
64-bit search:	SOFTWARE\JavaSoft\Java Runtime Environment...
Check:		SOFTWARE\JavaSoft\Java Runtime Environment\1.6
Ignore:		1.6
Check:		SOFTWARE\JavaSoft\Java Runtime Environment\1.6.0_41
Ignore:		1.6.0_41
Check:		SOFTWARE\JavaSoft\Java Runtime Environment\1.7
Check launcher:	C:\Program Files\Java\jre7\bin\javaw.exe (OK)
Match:		1.7
Check:		SOFTWARE\JavaSoft\Java Runtime Environment\1.7.0_75
Check launcher:	C:\Program Files\Java\jre7\bin\javaw.exe (OK)
Match:		1.7.0_75
64-bit search:	SOFTWARE\JavaSoft\Java Development Kit...
Check:		SOFTWARE\JavaSoft\Java Development Kit\1.6
Ignore:		1.6
Check:		SOFTWARE\JavaSoft\Java Development Kit\1.6.0_41
Ignore:		1.6.0_41
Check:		SOFTWARE\JavaSoft\Java Development Kit\1.7
Ignore:		1.7
Check:		SOFTWARE\JavaSoft\Java Development Kit\1.7.0_65
Ignore:		1.7.0_65
Check:		SOFTWARE\JavaSoft\Java Development Kit\1.8
Check launcher:	C:\Program Files\Java\jdk1.8.0_25\jre\bin\javaw.exe (OK)
Match:		1.8
Check:		SOFTWARE\JavaSoft\Java Development Kit\1.8.0_25
Check launcher:	C:\Program Files\Java\jdk1.8.0_25\jre\bin\javaw.exe (OK)
Match:		1.8.0_25
Runtime used:	1.8.0_25 (64-bit)
Launcher:	C:\Program Files\Java\jdk1.8.0_25\jre\bin\javaw.exe
Launcher args:	-jar "I:\workspace\FSLaunchPad\jar\FSLaunchPad.exe"
Args length:	51/32768 chars
Exit code:	0


Version:	3.7
CmdLine:	I:\workspace\FSLaunchPad\jar\FSLaunchPad.exe --l4j-debug
WOW64:		yes
Working dir:	I:\workspace\FSLaunchPad\jar\.
64-bit search:	SOFTWARE\JavaSoft\Java Runtime Environment...
Check:		SOFTWARE\JavaSoft\Java Runtime Environment\1.6
Ignore:		1.6
Check:		SOFTWARE\JavaSoft\Java Runtime Environment\1.6.0_41
Ignore:		1.6.0_41
Check:		SOFTWARE\JavaSoft\Java Runtime Environment\1.7
Check launcher:	C:\Program Files\Java\jre7\bin\javaw.exe (OK)
Match:		1.7
Check:		SOFTWARE\JavaSoft\Java Runtime Environment\1.7.0_75
Check launcher:	C:\Program Files\Java\jre7\bin\javaw.exe (OK)
Match:		1.7.0_75
64-bit search:	SOFTWARE\JavaSoft\Java Development Kit...
Check:		SOFTWARE\JavaSoft\Java Development Kit\1.6
Ignore:		1.6
Check:		SOFTWARE\JavaSoft\Java Development Kit\1.6.0_41
Ignore:		1.6.0_41
Check:		SOFTWARE\JavaSoft\Java Development Kit\1.7
Ignore:		1.7
Check:		SOFTWARE\JavaSoft\Java Development Kit\1.7.0_65
Ignore:		1.7.0_65
Check:		SOFTWARE\JavaSoft\Java Development Kit\1.8
Check launcher:	C:\Program Files\Java\jdk1.8.0_25\jre\bin\javaw.exe (OK)
Match:		1.8
Check:		SOFTWARE\JavaSoft\Java Development Kit\1.8.0_25
Check launcher:	C:\Program Files\Java\jdk1.8.0_25\jre\bin\javaw.exe (OK)
Match:		1.8.0_25
Runtime used:	1.8.0_25 (64-bit)
Launcher:	C:\Program Files\Java\jdk1.8.0_25\jre\bin\javaw.exe
Launcher args:	-jar "I:\workspace\FSLaunchPad\jar\FSLaunchPad.exe"
Args length:	51/32768 chars
Exit code:	0


Version:	3.7
CmdLine:	I:\workspace\FSLaunchPad\jar\FSLaunchPad.exe --l4j-debug
WOW64:		yes
Working dir:	I:\workspace\FSLaunchPad\jar\.
64-bit search:	SOFTWARE\JavaSoft\Java Runtime Environment...
Check:		SOFTWARE\JavaSoft\Java Runtime Environment\1.6
Ignore:		1.6
Check:		SOFTWARE\JavaSoft\Java Runtime Environment\1.6.0_41
Ignore:		1.6.0_41
Check:		SOFTWARE\JavaSoft\Java Runtime Environment\1.7
Check launcher:	C:\Program Files\Java\jre7\bin\javaw.exe (OK)
Match:		1.7
Check:		SOFTWARE\JavaSoft\Java Runtime Environment\1.7.0_75
Check launcher:	C:\Program Files\Java\jre7\bin\javaw.exe (OK)
Match:		1.7.0_75
64-bit search:	SOFTWARE\JavaSoft\Java Development Kit...
Check:		SOFTWARE\JavaSoft\Java Development Kit\1.6
Ignore:		1.6
Check:		SOFTWARE\JavaSoft\Java Development Kit\1.6.0_41
Ignore:		1.6.0_41
Check:		SOFTWARE\JavaSoft\Java Development Kit\1.7
Ignore:		1.7
Check:		SOFTWARE\JavaSoft\Java Development Kit\1.7.0_65
Ignore:		1.7.0_65
Check:		SOFTWARE\JavaSoft\Java Development Kit\1.8
Check launcher:	C:\Program Files\Java\jdk1.8.0_25\jre\bin\javaw.exe (OK)
Match:		1.8
Check:		SOFTWARE\JavaSoft\Java Development Kit\1.8.0_25
Check launcher:	C:\Program Files\Java\jdk1.8.0_25\jre\bin\javaw.exe (OK)
Match:		1.8.0_25
Runtime used:	1.8.0_25 (64-bit)
Launcher:	C:\Program Files\Java\jdk1.8.0_25\jre\bin\javaw.exe
Launcher args:	-jar "I:\workspace\FSLaunchPad\jar\FSLaunchPad.exe"
Args length:	51/32768 chars
Exit code:	0


Version:	3.7
CmdLine:	I:\workspace\FSLaunchPad\jar\FSLaunchPad.exe --l4j-debug
WOW64:		yes
Working dir:	I:\workspace\FSLaunchPad\jar\.
64-bit search:	SOFTWARE\JavaSoft\Java Runtime Environment...
Check:		SOFTWARE\JavaSoft\Java Runtime Environment\1.6
Ignore:		1.6
Check:		SOFTWARE\JavaSoft\Java Runtime Environment\1.6.0_41
Ignore:		1.6.0_41
Check:		SOFTWARE\JavaSoft\Java Runtime Environment\1.7
Check launcher:	C:\Program Files\Java\jre7\bin\javaw.exe (OK)
Match:		1.7
Check:		SOFTWARE\JavaSoft\Java Runtime Environment\1.7.0_75
Check launcher:	C:\Program Files\Java\jre7\bin\javaw.exe (OK)
Match:		1.7.0_75
64-bit search:	SOFTWARE\JavaSoft\Java Development Kit...
Check:		SOFTWARE\JavaSoft\Java Development Kit\1.6
Ignore:		1.6
Check:		SOFTWARE\JavaSoft\Java Development Kit\1.6.0_41
Ignore:		1.6.0_41
Check:		SOFTWARE\JavaSoft\Java Development Kit\1.7
Ignore:		1.7
Check:		SOFTWARE\JavaSoft\Java Development Kit\1.7.0_65
Ignore:		1.7.0_65
Check:		SOFTWARE\JavaSoft\Java Development Kit\1.8
Check launcher:	C:\Program Files\Java\jdk1.8.0_25\jre\bin\javaw.exe (OK)
Match:		1.8
Check:		SOFTWARE\JavaSoft\Java Development Kit\1.8.0_25
Check launcher:	C:\Program Files\Java\jdk1.8.0_25\jre\bin\javaw.exe (OK)
Match:		1.8.0_25
Runtime used:	1.8.0_25 (64-bit)
Launcher:	C:\Program Files\Java\jdk1.8.0_25\jre\bin\javaw.exe
Launcher args:	-jar "I:\workspace\FSLaunchPad\jar\FSLaunchPad.exe"
Args length:	51/32768 chars
Exit code:	0


Version:	3.7
CmdLine:	I:\workspace\FSLaunchPad\jar\FSLaunchPad.exe --l4j-debug
WOW64:		yes
Working dir:	I:\workspace\FSLaunchPad\jar\.
64-bit search:	SOFTWARE\JavaSoft\Java Runtime Environment...
Check:		SOFTWARE\JavaSoft\Java Runtime Environment\1.6
Ignore:		1.6
Check:		SOFTWARE\JavaSoft\Java Runtime Environment\1.6.0_41
Ignore:		1.6.0_41
Check:		SOFTWARE\JavaSoft\Java Runtime Environment\1.7
Check launcher:	C:\Program Files\Java\jre7\bin\javaw.exe (OK)
Match:		1.7
Check:		SOFTWARE\JavaSoft\Java Runtime Environment\1.7.0_75
Check launcher:	C:\Program Files\Java\jre7\bin\javaw.exe (OK)
Match:		1.7.0_75
64-bit search:	SOFTWARE\JavaSoft\Java Development Kit...
Check:		SOFTWARE\JavaSoft\Java Development Kit\1.6
Ignore:		1.6
Check:		SOFTWARE\JavaSoft\Java Development Kit\1.6.0_41
Ignore:		1.6.0_41
Check:		SOFTWARE\JavaSoft\Java Development Kit\1.7
Ignore:		1.7
Check:		SOFTWARE\JavaSoft\Java Development Kit\1.7.0_65
Ignore:		1.7.0_65
Check:		SOFTWARE\JavaSoft\Java Development Kit\1.8
Check launcher:	C:\Program Files\Java\jdk1.8.0_25\jre\bin\javaw.exe (OK)
Match:		1.8
Check:		SOFTWARE\JavaSoft\Java Development Kit\1.8.0_25
Check launcher:	C:\Program Files\Java\jdk1.8.0_25\jre\bin\javaw.exe (OK)
Match:		1.8.0_25
Runtime used:	1.8.0_25 (64-bit)
Launcher:	C:\Program Files\Java\jdk1.8.0_25\jre\bin\javaw.exe
Launcher args:	-jar "I:\workspace\FSLaunchPad\jar\FSLaunchPad.exe"
Args length:	51/32768 chars
Exit code:	0


Version:	3.7
CmdLine:	I:\workspace\FSLaunchPad\jar\FSLaunchPad.exe --l4j-debug
WOW64:		yes
Working dir:	I:\workspace\FSLaunchPad\jar\.
64-bit search:	SOFTWARE\JavaSoft\Java Runtime Environment...
Check:		SOFTWARE\JavaSoft\Java Runtime Environment\1.6
Ignore:		1.6
Check:		SOFTWARE\JavaSoft\Java Runtime Environment\1.6.0_41
Ignore:		1.6.0_41
Check:		SOFTWARE\JavaSoft\Java Runtime Environment\1.7
Check launcher:	C:\Program Files\Java\jre7\bin\javaw.exe (OK)
Match:		1.7
Check:		SOFTWARE\JavaSoft\Java Runtime Environment\1.7.0_75
Check launcher:	C:\Program Files\Java\jre7\bin\javaw.exe (OK)
Match:		1.7.0_75
64-bit search:	SOFTWARE\JavaSoft\Java Development Kit...
Check:		SOFTWARE\JavaSoft\Java Development Kit\1.6
Ignore:		1.6
Check:		SOFTWARE\JavaSoft\Java Development Kit\1.6.0_41
Ignore:		1.6.0_41
Check:		SOFTWARE\JavaSoft\Java Development Kit\1.7
Ignore:		1.7
Check:		SOFTWARE\JavaSoft\Java Development Kit\1.7.0_65
Ignore:		1.7.0_65
Check:		SOFTWARE\JavaSoft\Java Development Kit\1.8
Check launcher:	C:\Program Files\Java\jdk1.8.0_25\jre\bin\javaw.exe (OK)
Match:		1.8
Check:		SOFTWARE\JavaSoft\Java Development Kit\1.8.0_25
Check launcher:	C:\Program Files\Java\jdk1.8.0_25\jre\bin\javaw.exe (OK)
Match:		1.8.0_25
Runtime used:	1.8.0_25 (64-bit)
Launcher:	C:\Program Files\Java\jdk1.8.0_25\jre\bin\javaw.exe
Launcher args:	-jar "I:\workspace\FSLaunchPad\jar\FSLaunchPad.exe"
Args length:	51/32768 chars
Exit code:	0


Version:	3.7
CmdLine:	I:\workspace\FSLaunchPad\jar\FSLaunchPad.exe --l4j-debug
WOW64:		yes
Working dir:	I:\workspace\FSLaunchPad\jar\.
64-bit search:	SOFTWARE\JavaSoft\Java Runtime Environment...
Check:		SOFTWARE\JavaSoft\Java Runtime Environment\1.6
Ignore:		1.6
Check:		SOFTWARE\JavaSoft\Java Runtime Environment\1.6.0_41
Ignore:		1.6.0_41
Check:		SOFTWARE\JavaSoft\Java Runtime Environment\1.7
Check launcher:	C:\Program Files\Java\jre7\bin\javaw.exe (OK)
Match:		1.7
Check:		SOFTWARE\JavaSoft\Java Runtime Environment\1.7.0_75
Check launcher:	C:\Program Files\Java\jre7\bin\javaw.exe (OK)
Match:		1.7.0_75
64-bit search:	SOFTWARE\JavaSoft\Java Development Kit...
Check:		SOFTWARE\JavaSoft\Java Development Kit\1.6
Ignore:		1.6
Check:		SOFTWARE\JavaSoft\Java Development Kit\1.6.0_41
Ignore:		1.6.0_41
Check:		SOFTWARE\JavaSoft\Java Development Kit\1.7
Ignore:		1.7
Check:		SOFTWARE\JavaSoft\Java Development Kit\1.7.0_65
Ignore:		1.7.0_65
Check:		SOFTWARE\JavaSoft\Java Development Kit\1.8
Check launcher:	C:\Program Files\Java\jdk1.8.0_25\jre\bin\javaw.exe (OK)
Match:		1.8
Check:		SOFTWARE\JavaSoft\Java Development Kit\1.8.0_25
Check launcher:	C:\Program Files\Java\jdk1.8.0_25\jre\bin\javaw.exe (OK)
Match:		1.8.0_25
Runtime used:	1.8.0_25 (64-bit)
Launcher:	C:\Program Files\Java\jdk1.8.0_25\jre\bin\javaw.exe
Launcher args:	-jar "I:\workspace\FSLaunchPad\jar\FSLaunchPad.exe"
Args length:	51/32768 chars
Exit code:	0


Version:	3.7
CmdLine:	I:\workspace\FSLaunchPad\jar\FSLaunchPad.exe --l4j-debug
WOW64:		yes
Working dir:	I:\workspace\FSLaunchPad\jar\.
64-bit search:	SOFTWARE\JavaSoft\Java Runtime Environment...
Check:		SOFTWARE\JavaSoft\Java Runtime Environment\1.6
Ignore:		1.6
Check:		SOFTWARE\JavaSoft\Java Runtime Environment\1.6.0_41
Ignore:		1.6.0_41
Check:		SOFTWARE\JavaSoft\Java Runtime Environment\1.7
Check launcher:	C:\Program Files\Java\jre7\bin\javaw.exe (OK)
Match:		1.7
Check:		SOFTWARE\JavaSoft\Java Runtime Environment\1.7.0_75
Check launcher:	C:\Program Files\Java\jre7\bin\javaw.exe (OK)
Match:		1.7.0_75
64-bit search:	SOFTWARE\JavaSoft\Java Development Kit...
Check:		SOFTWARE\JavaSoft\Java Development Kit\1.6
Ignore:		1.6
Check:		SOFTWARE\JavaSoft\Java Development Kit\1.6.0_41
Ignore:		1.6.0_41
Check:		SOFTWARE\JavaSoft\Java Development Kit\1.7
Ignore:		1.7
Check:		SOFTWARE\JavaSoft\Java Development Kit\1.7.0_65
Ignore:		1.7.0_65
Check:		SOFTWARE\JavaSoft\Java Development Kit\1.8
Check launcher:	C:\Program Files\Java\jdk1.8.0_25\jre\bin\javaw.exe (OK)
Match:		1.8
Check:		SOFTWARE\JavaSoft\Java Development Kit\1.8.0_25
Check launcher:	C:\Program Files\Java\jdk1.8.0_25\jre\bin\javaw.exe (OK)
Match:		1.8.0_25
Runtime used:	1.8.0_25 (64-bit)
Launcher:	C:\Program Files\Java\jdk1.8.0_25\jre\bin\javaw.exe
Launcher args:	-jar "I:\workspace\FSLaunchPad\jar\FSLaunchPad.exe"
Args length:	51/32768 chars
Exit code:	0


Version:	3.7
CmdLine:	I:\workspace\FSLaunchPad\jar\FSLaunchPad.exe --l4j-debug
WOW64:		yes
Working dir:	I:\workspace\FSLaunchPad\jar\.
64-bit search:	SOFTWARE\JavaSoft\Java Runtime Environment...
Check:		SOFTWARE\JavaSoft\Java Runtime Environment\1.6
Ignore:		1.6
Check:		SOFTWARE\JavaSoft\Java Runtime Environment\1.6.0_41
Ignore:		1.6.0_41
Check:		SOFTWARE\JavaSoft\Java Runtime Environment\1.7
Check launcher:	C:\Program Files\Java\jre7\bin\javaw.exe (OK)
Match:		1.7
Check:		SOFTWARE\JavaSoft\Java Runtime Environment\1.7.0_75
Check launcher:	C:\Program Files\Java\jre7\bin\javaw.exe (OK)
Match:		1.7.0_75
64-bit search:	SOFTWARE\JavaSoft\Java Development Kit...
Check:		SOFTWARE\JavaSoft\Java Development Kit\1.6
Ignore:		1.6
Check:		SOFTWARE\JavaSoft\Java Development Kit\1.6.0_41
Ignore:		1.6.0_41
Check:		SOFTWARE\JavaSoft\Java Development Kit\1.7
Ignore:		1.7
Check:		SOFTWARE\JavaSoft\Java Development Kit\1.7.0_65
Ignore:		1.7.0_65
Check:		SOFTWARE\JavaSoft\Java Development Kit\1.8
Check launcher:	C:\Program Files\Java\jdk1.8.0_25\jre\bin\javaw.exe (OK)
Match:		1.8
Check:		SOFTWARE\JavaSoft\Java Development Kit\1.8.0_25
Check launcher:	C:\Program Files\Java\jdk1.8.0_25\jre\bin\javaw.exe (OK)
Match:		1.8.0_25
Runtime used:	1.8.0_25 (64-bit)
Launcher:	C:\Program Files\Java\jdk1.8.0_25\jre\bin\javaw.exe
Launcher args:	-jar "I:\workspace\FSLaunchPad\jar\FSLaunchPad.exe"
Args length:	51/32768 chars
Exit code:	0


Version:	3.7
CmdLine:	I:\workspace\FSLaunchPad\jar\FSLaunchPad.exe --l4j-debug
WOW64:		yes
Working dir:	I:\workspace\FSLaunchPad\jar\.
64-bit search:	SOFTWARE\JavaSoft\Java Runtime Environment...
Check:		SOFTWARE\JavaSoft\Java Runtime Environment\1.6
Ignore:		1.6
Check:		SOFTWARE\JavaSoft\Java Runtime Environment\1.6.0_41
Ignore:		1.6.0_41
Check:		SOFTWARE\JavaSoft\Java Runtime Environment\1.7
Check launcher:	C:\Program Files\Java\jre7\bin\javaw.exe (OK)
Match:		1.7
Check:		SOFTWARE\JavaSoft\Java Runtime Environment\1.7.0_75
Check launcher:	C:\Program Files\Java\jre7\bin\javaw.exe (OK)
Match:		1.7.0_75
64-bit search:	SOFTWARE\JavaSoft\Java Development Kit...
Check:		SOFTWARE\JavaSoft\Java Development Kit\1.6
Ignore:		1.6
Check:		SOFTWARE\JavaSoft\Java Development Kit\1.6.0_41
Ignore:		1.6.0_41
Check:		SOFTWARE\JavaSoft\Java Development Kit\1.7
Ignore:		1.7
Check:		SOFTWARE\JavaSoft\Java Development Kit\1.7.0_65
Ignore:		1.7.0_65
Check:		SOFTWARE\JavaSoft\Java Development Kit\1.8
Check launcher:	C:\Program Files\Java\jdk1.8.0_25\jre\bin\javaw.exe (OK)
Match:		1.8
Check:		SOFTWARE\JavaSoft\Java Development Kit\1.8.0_25
Check launcher:	C:\Program Files\Java\jdk1.8.0_25\jre\bin\javaw.exe (OK)
Match:		1.8.0_25
Runtime used:	1.8.0_25 (64-bit)
Launcher:	C:\Program Files\Java\jdk1.8.0_25\jre\bin\javaw.exe
Launcher args:	-jar "I:\workspace\FSLaunchPad\jar\FSLaunchPad.exe"
Args length:	51/32768 chars
Exit code:	0


Version:	3.7
CmdLine:	I:\workspace\FSLaunchPad\jar\FSLaunchPad.exe --l4j-debug
WOW64:		yes
Working dir:	I:\workspace\FSLaunchPad\jar\.
64-bit search:	SOFTWARE\JavaSoft\Java Runtime Environment...
Check:		SOFTWARE\JavaSoft\Java Runtime Environment\1.6
Ignore:		1.6
Check:		SOFTWARE\JavaSoft\Java Runtime Environment\1.6.0_41
Ignore:		1.6.0_41
Check:		SOFTWARE\JavaSoft\Java Runtime Environment\1.7
Check launcher:	C:\Program Files\Java\jre7\bin\javaw.exe (OK)
Match:		1.7
Check:		SOFTWARE\JavaSoft\Java Runtime Environment\1.7.0_75
Check launcher:	C:\Program Files\Java\jre7\bin\javaw.exe (OK)
Match:		1.7.0_75
64-bit search:	SOFTWARE\JavaSoft\Java Development Kit...
Check:		SOFTWARE\JavaSoft\Java Development Kit\1.6
Ignore:		1.6
Check:		SOFTWARE\JavaSoft\Java Development Kit\1.6.0_41
Ignore:		1.6.0_41
Check:		SOFTWARE\JavaSoft\Java Development Kit\1.7
Ignore:		1.7
Check:		SOFTWARE\JavaSoft\Java Development Kit\1.7.0_65
Ignore:		1.7.0_65
Check:		SOFTWARE\JavaSoft\Java Development Kit\1.8
Check launcher:	C:\Program Files\Java\jdk1.8.0_25\jre\bin\javaw.exe (OK)
Match:		1.8
Check:		SOFTWARE\JavaSoft\Java Development Kit\1.8.0_25
Check launcher:	C:\Program Files\Java\jdk1.8.0_25\jre\bin\javaw.exe (OK)
Match:		1.8.0_25
Runtime used:	1.8.0_25 (64-bit)
Launcher:	C:\Program Files\Java\jdk1.8.0_25\jre\bin\javaw.exe
Launcher args:	-jar "I:\workspace\FSLaunchPad\jar\FSLaunchPad.exe"
Args length:	51/32768 chars
Exit code:	0


Version:	3.7
CmdLine:	I:\workspace\FSLaunchPad\jar\FSLaunchPad.exe --l4j-debug
WOW64:		yes
Working dir:	I:\workspace\FSLaunchPad\jar\.
64-bit search:	SOFTWARE\JavaSoft\Java Runtime Environment...
Check:		SOFTWARE\JavaSoft\Java Runtime Environment\1.6
Ignore:		1.6
Check:		SOFTWARE\JavaSoft\Java Runtime Environment\1.6.0_41
Ignore:		1.6.0_41
Check:		SOFTWARE\JavaSoft\Java Runtime Environment\1.7
Check launcher:	C:\Program Files\Java\jre7\bin\javaw.exe (OK)
Match:		1.7
Check:		SOFTWARE\JavaSoft\Java Runtime Environment\1.7.0_75
Check launcher:	C:\Program Files\Java\jre7\bin\javaw.exe (OK)
Match:		1.7.0_75
64-bit search:	SOFTWARE\JavaSoft\Java Development Kit...
Check:		SOFTWARE\JavaSoft\Java Development Kit\1.6
Ignore:		1.6
Check:		SOFTWARE\JavaSoft\Java Development Kit\1.6.0_41
Ignore:		1.6.0_41
Check:		SOFTWARE\JavaSoft\Java Development Kit\1.7
Ignore:		1.7
Check:		SOFTWARE\JavaSoft\Java Development Kit\1.7.0_65
Ignore:		1.7.0_65
Check:		SOFTWARE\JavaSoft\Java Development Kit\1.8
Check launcher:	C:\Program Files\Java\jdk1.8.0_25\jre\bin\javaw.exe (OK)
Match:		1.8
Check:		SOFTWARE\JavaSoft\Java Development Kit\1.8.0_25
Check launcher:	C:\Program Files\Java\jdk1.8.0_25\jre\bin\javaw.exe (OK)
Match:		1.8.0_25
Runtime used:	1.8.0_25 (64-bit)
Launcher:	C:\Program Files\Java\jdk1.8.0_25\jre\bin\javaw.exe
Launcher args:	-jar "I:\workspace\FSLaunchPad\jar\FSLaunchPad.exe"
Args length:	51/32768 chars
Exit code:	0


Version:	3.7
CmdLine:	I:\workspace\FSLaunchPad\jar\FSLaunchPad.exe --l4j-debug
WOW64:		yes
Working dir:	I:\workspace\FSLaunchPad\jar\.
64-bit search:	SOFTWARE\JavaSoft\Java Runtime Environment...
Check:		SOFTWARE\JavaSoft\Java Runtime Environment\1.6
Ignore:		1.6
Check:		SOFTWARE\JavaSoft\Java Runtime Environment\1.6.0_41
Ignore:		1.6.0_41
Check:		SOFTWARE\JavaSoft\Java Runtime Environment\1.7
Check launcher:	C:\Program Files\Java\jre7\bin\javaw.exe (OK)
Match:		1.7
Check:		SOFTWARE\JavaSoft\Java Runtime Environment\1.7.0_75
Check launcher:	C:\Program Files\Java\jre7\bin\javaw.exe (OK)
Match:		1.7.0_75
64-bit search:	SOFTWARE\JavaSoft\Java Development Kit...
Check:		SOFTWARE\JavaSoft\Java Development Kit\1.6
Ignore:		1.6
Check:		SOFTWARE\JavaSoft\Java Development Kit\1.6.0_41
Ignore:		1.6.0_41
Check:		SOFTWARE\JavaSoft\Java Development Kit\1.7
Ignore:		1.7
Check:		SOFTWARE\JavaSoft\Java Development Kit\1.7.0_65
Ignore:		1.7.0_65
Check:		SOFTWARE\JavaSoft\Java Development Kit\1.8
Check launcher:	C:\Program Files\Java\jdk1.8.0_25\jre\bin\javaw.exe (OK)
Match:		1.8
Check:		SOFTWARE\JavaSoft\Java Development Kit\1.8.0_25
Check launcher:	C:\Program Files\Java\jdk1.8.0_25\jre\bin\javaw.exe (OK)
Match:		1.8.0_25
Runtime used:	1.8.0_25 (64-bit)
Launcher:	C:\Program Files\Java\jdk1.8.0_25\jre\bin\javaw.exe
Launcher args:	-jar "I:\workspace\FSLaunchPad\jar\FSLaunchPad.exe"
Args length:	51/32768 chars
Exit code:	0


Version:	3.7
CmdLine:	I:\workspace\FSLaunchPad\jar\FSLaunchPad.exe --l4j-debug
WOW64:		yes
Working dir:	I:\workspace\FSLaunchPad\jar\.
64-bit search:	SOFTWARE\JavaSoft\Java Runtime Environment...
Check:		SOFTWARE\JavaSoft\Java Runtime Environment\1.6
Ignore:		1.6
Check:		SOFTWARE\JavaSoft\Java Runtime Environment\1.6.0_41
Ignore:		1.6.0_41
Check:		SOFTWARE\JavaSoft\Java Runtime Environment\1.7
Check launcher:	C:\Program Files\Java\jre7\bin\javaw.exe (OK)
Match:		1.7
Check:		SOFTWARE\JavaSoft\Java Runtime Environment\1.7.0_75
Check launcher:	C:\Program Files\Java\jre7\bin\javaw.exe (OK)
Match:		1.7.0_75
64-bit search:	SOFTWARE\JavaSoft\Java Development Kit...
Check:		SOFTWARE\JavaSoft\Java Development Kit\1.6
Ignore:		1.6
Check:		SOFTWARE\JavaSoft\Java Development Kit\1.6.0_41
Ignore:		1.6.0_41
Check:		SOFTWARE\JavaSoft\Java Development Kit\1.7
Ignore:		1.7
Check:		SOFTWARE\JavaSoft\Java Development Kit\1.7.0_65
Ignore:		1.7.0_65
Check:		SOFTWARE\JavaSoft\Java Development Kit\1.8
Check launcher:	C:\Program Files\Java\jdk1.8.0_25\jre\bin\javaw.exe (OK)
Match:		1.8
Check:		SOFTWARE\JavaSoft\Java Development Kit\1.8.0_25
Check launcher:	C:\Program Files\Java\jdk1.8.0_25\jre\bin\javaw.exe (OK)
Match:		1.8.0_25
Runtime used:	1.8.0_25 (64-bit)
Launcher:	C:\Program Files\Java\jdk1.8.0_25\jre\bin\javaw.exe
Launcher args:	-jar "I:\workspace\FSLaunchPad\jar\FSLaunchPad.exe"
Args length:	51/32768 chars
Exit code:	0


Version:	3.7
CmdLine:	I:\workspace\FSLaunchPad\jar\FSLaunchPad.exe --l4j-debug
WOW64:		yes
Working dir:	I:\workspace\FSLaunchPad\jar\.
64-bit search:	SOFTWARE\JavaSoft\Java Runtime Environment...
Check:		SOFTWARE\JavaSoft\Java Runtime Environment\1.6
Ignore:		1.6
Check:		SOFTWARE\JavaSoft\Java Runtime Environment\1.6.0_41
Ignore:		1.6.0_41
Check:		SOFTWARE\JavaSoft\Java Runtime Environment\1.7
Check launcher:	C:\Program Files\Java\jre7\bin\javaw.exe (OK)
Match:		1.7
Check:		SOFTWARE\JavaSoft\Java Runtime Environment\1.7.0_75
Check launcher:	C:\Program Files\Java\jre7\bin\javaw.exe (OK)
Match:		1.7.0_75
64-bit search:	SOFTWARE\JavaSoft\Java Development Kit...
Check:		SOFTWARE\JavaSoft\Java Development Kit\1.6
Ignore:		1.6
Check:		SOFTWARE\JavaSoft\Java Development Kit\1.6.0_41
Ignore:		1.6.0_41
Check:		SOFTWARE\JavaSoft\Java Development Kit\1.7
Ignore:		1.7
Check:		SOFTWARE\JavaSoft\Java Development Kit\1.7.0_65
Ignore:		1.7.0_65
Check:		SOFTWARE\JavaSoft\Java Development Kit\1.8
Check launcher:	C:\Program Files\Java\jdk1.8.0_25\jre\bin\javaw.exe (OK)
Match:		1.8
Check:		SOFTWARE\JavaSoft\Java Development Kit\1.8.0_25
Check launcher:	C:\Program Files\Java\jdk1.8.0_25\jre\bin\javaw.exe (OK)
Match:		1.8.0_25
Runtime used:	1.8.0_25 (64-bit)
Launcher:	C:\Program Files\Java\jdk1.8.0_25\jre\bin\javaw.exe
Launcher args:	-jar "I:\workspace\FSLaunchPad\jar\FSLaunchPad.exe"
Args length:	51/32768 chars
Exit code:	0


Version:	3.7
CmdLine:	I:\workspace\FSLaunchPad\jar\FSLaunchPad.exe --l4j-debug
WOW64:		yes
Working dir:	I:\workspace\FSLaunchPad\jar\.
64-bit search:	SOFTWARE\JavaSoft\Java Runtime Environment...
Check:		SOFTWARE\JavaSoft\Java Runtime Environment\1.6
Ignore:		1.6
Check:		SOFTWARE\JavaSoft\Java Runtime Environment\1.6.0_41
Ignore:		1.6.0_41
Check:		SOFTWARE\JavaSoft\Java Runtime Environment\1.7
Check launcher:	C:\Program Files\Java\jre7\bin\javaw.exe (OK)
Match:		1.7
Check:		SOFTWARE\JavaSoft\Java Runtime Environment\1.7.0_75
Check launcher:	C:\Program Files\Java\jre7\bin\javaw.exe (OK)
Match:		1.7.0_75
64-bit search:	SOFTWARE\JavaSoft\Java Development Kit...
Check:		SOFTWARE\JavaSoft\Java Development Kit\1.6
Ignore:		1.6
Check:		SOFTWARE\JavaSoft\Java Development Kit\1.6.0_41
Ignore:		1.6.0_41
Check:		SOFTWARE\JavaSoft\Java Development Kit\1.7
Ignore:		1.7
Check:		SOFTWARE\JavaSoft\Java Development Kit\1.7.0_65
Ignore:		1.7.0_65
Check:		SOFTWARE\JavaSoft\Java Development Kit\1.8
Check launcher:	C:\Program Files\Java\jdk1.8.0_25\jre\bin\javaw.exe (OK)
Match:		1.8
Check:		SOFTWARE\JavaSoft\Java Development Kit\1.8.0_25
Check launcher:	C:\Program Files\Java\jdk1.8.0_25\jre\bin\javaw.exe (OK)
Match:		1.8.0_25
Runtime used:	1.8.0_25 (64-bit)
Launcher:	C:\Program Files\Java\jdk1.8.0_25\jre\bin\javaw.exe
Launcher args:	-jar "I:\workspace\FSLaunchPad\jar\FSLaunchPad.exe"
Args length:	51/32768 chars
Exit code:	0


Version:	3.7
CmdLine:	I:\workspace\FSLaunchPad\jar\FSLaunchPad.exe --l4j-debug
WOW64:		yes
Working dir:	I:\workspace\FSLaunchPad\jar\.
64-bit search:	SOFTWARE\JavaSoft\Java Runtime Environment...
Check:		SOFTWARE\JavaSoft\Java Runtime Environment\1.6
Ignore:		1.6
Check:		SOFTWARE\JavaSoft\Java Runtime Environment\1.6.0_41
Ignore:		1.6.0_41
Check:		SOFTWARE\JavaSoft\Java Runtime Environment\1.7
Check launcher:	C:\Program Files\Java\jre7\bin\javaw.exe (OK)
Match:		1.7
Check:		SOFTWARE\JavaSoft\Java Runtime Environment\1.7.0_75
Check launcher:	C:\Program Files\Java\jre7\bin\javaw.exe (OK)
Match:		1.7.0_75
64-bit search:	SOFTWARE\JavaSoft\Java Development Kit...
Check:		SOFTWARE\JavaSoft\Java Development Kit\1.6
Ignore:		1.6
Check:		SOFTWARE\JavaSoft\Java Development Kit\1.6.0_41
Ignore:		1.6.0_41
Check:		SOFTWARE\JavaSoft\Java Development Kit\1.7
Ignore:		1.7
Check:		SOFTWARE\JavaSoft\Java Development Kit\1.7.0_65
Ignore:		1.7.0_65
Check:		SOFTWARE\JavaSoft\Java Development Kit\1.8
Check launcher:	C:\Program Files\Java\jdk1.8.0_25\jre\bin\javaw.exe (OK)
Match:		1.8
Check:		SOFTWARE\JavaSoft\Java Development Kit\1.8.0_25
Check launcher:	C:\Program Files\Java\jdk1.8.0_25\jre\bin\javaw.exe (OK)
Match:		1.8.0_25
Runtime used:	1.8.0_25 (64-bit)
Launcher:	C:\Program Files\Java\jdk1.8.0_25\jre\bin\javaw.exe
Launcher args:	-jar "I:\workspace\FSLaunchPad\jar\FSLaunchPad.exe"
Args length:	51/32768 chars
Exit code:	0


Version:	3.7
CmdLine:	I:\workspace\FSLaunchPad\jar\FSLaunchPad.exe --l4j-debug
WOW64:		yes
Working dir:	I:\workspace\FSLaunchPad\jar\.
64-bit search:	SOFTWARE\JavaSoft\Java Runtime Environment...
Check:		SOFTWARE\JavaSoft\Java Runtime Environment\1.6
Ignore:		1.6
Check:		SOFTWARE\JavaSoft\Java Runtime Environment\1.6.0_41
Ignore:		1.6.0_41
Check:		SOFTWARE\JavaSoft\Java Runtime Environment\1.7
Check launcher:	C:\Program Files\Java\jre7\bin\javaw.exe (OK)
Match:		1.7
Check:		SOFTWARE\JavaSoft\Java Runtime Environment\1.7.0_75
Check launcher:	C:\Program Files\Java\jre7\bin\javaw.exe (OK)
Match:		1.7.0_75
64-bit search:	SOFTWARE\JavaSoft\Java Development Kit...
Check:		SOFTWARE\JavaSoft\Java Development Kit\1.6
Ignore:		1.6
Check:		SOFTWARE\JavaSoft\Java Development Kit\1.6.0_41
Ignore:		1.6.0_41
Check:		SOFTWARE\JavaSoft\Java Development Kit\1.7
Ignore:		1.7
Check:		SOFTWARE\JavaSoft\Java Development Kit\1.7.0_65
Ignore:		1.7.0_65
Check:		SOFTWARE\JavaSoft\Java Development Kit\1.8
Check launcher:	C:\Program Files\Java\jdk1.8.0_25\jre\bin\javaw.exe (OK)
Match:		1.8
Check:		SOFTWARE\JavaSoft\Java Development Kit\1.8.0_25
Check launcher:	C:\Program Files\Java\jdk1.8.0_25\jre\bin\javaw.exe (OK)
Match:		1.8.0_25
Runtime used:	1.8.0_25 (64-bit)
Launcher:	C:\Program Files\Java\jdk1.8.0_25\jre\bin\javaw.exe
Launcher args:	-jar "I:\workspace\FSLaunchPad\jar\FSLaunchPad.exe"
Args length:	51/32768 chars
Exit code:	0


Version:	3.7
CmdLine:	I:\workspace\FSLaunchPad\jar\FSLaunchPad.exe --l4j-debug
WOW64:		yes
Working dir:	I:\workspace\FSLaunchPad\jar\.
64-bit search:	SOFTWARE\JavaSoft\Java Runtime Environment...
Check:		SOFTWARE\JavaSoft\Java Runtime Environment\1.6
Ignore:		1.6
Check:		SOFTWARE\JavaSoft\Java Runtime Environment\1.6.0_41
Ignore:		1.6.0_41
Check:		SOFTWARE\JavaSoft\Java Runtime Environment\1.7
Check launcher:	C:\Program Files\Java\jre7\bin\javaw.exe (OK)
Match:		1.7
Check:		SOFTWARE\JavaSoft\Java Runtime Environment\1.7.0_75
Check launcher:	C:\Program Files\Java\jre7\bin\javaw.exe (OK)
Match:		1.7.0_75
64-bit search:	SOFTWARE\JavaSoft\Java Development Kit...
Check:		SOFTWARE\JavaSoft\Java Development Kit\1.6
Ignore:		1.6
Check:		SOFTWARE\JavaSoft\Java Development Kit\1.6.0_41
Ignore:		1.6.0_41
Check:		SOFTWARE\JavaSoft\Java Development Kit\1.7
Ignore:		1.7
Check:		SOFTWARE\JavaSoft\Java Development Kit\1.7.0_65
Ignore:		1.7.0_65
Check:		SOFTWARE\JavaSoft\Java Development Kit\1.8
Check launcher:	C:\Program Files\Java\jdk1.8.0_25\jre\bin\javaw.exe (OK)
Match:		1.8
Check:		SOFTWARE\JavaSoft\Java Development Kit\1.8.0_25
Check launcher:	C:\Program Files\Java\jdk1.8.0_25\jre\bin\javaw.exe (OK)
Match:		1.8.0_25
Runtime used:	1.8.0_25 (64-bit)
Launcher:	C:\Program Files\Java\jdk1.8.0_25\jre\bin\javaw.exe
Launcher args:	-jar "I:\workspace\FSLaunchPad\jar\FSLaunchPad.exe"
Args length:	51/32768 chars
Exit code:	0


Version:	3.7
CmdLine:	I:\workspace\FSLaunchPad\jar\FSLaunchPad.exe --l4j-debug
WOW64:		yes
Working dir:	I:\workspace\FSLaunchPad\jar\.
64-bit search:	SOFTWARE\JavaSoft\Java Runtime Environment...
Check:		SOFTWARE\JavaSoft\Java Runtime Environment\1.6
Ignore:		1.6
Check:		SOFTWARE\JavaSoft\Java Runtime Environment\1.6.0_41
Ignore:		1.6.0_41
Check:		SOFTWARE\JavaSoft\Java Runtime Environment\1.7
Ignore:		1.7
Check:		SOFTWARE\JavaSoft\Java Runtime Environment\1.7.0_75
Check launcher:	C:\Program Files\Java\jre7\bin\javaw.exe (OK)
Match:		1.7.0_75
64-bit search:	SOFTWARE\JavaSoft\Java Development Kit...
Check:		SOFTWARE\JavaSoft\Java Development Kit\1.6
Ignore:		1.6
Check:		SOFTWARE\JavaSoft\Java Development Kit\1.6.0_41
Ignore:		1.6.0_41
Check:		SOFTWARE\JavaSoft\Java Development Kit\1.7
Ignore:		1.7
Check:		SOFTWARE\JavaSoft\Java Development Kit\1.7.0_65
Ignore:		1.7.0_65
Check:		SOFTWARE\JavaSoft\Java Development Kit\1.8
Check launcher:	C:\Program Files\Java\jdk1.8.0_25\jre\bin\javaw.exe (OK)
Match:		1.8
Check:		SOFTWARE\JavaSoft\Java Development Kit\1.8.0_25
Check launcher:	C:\Program Files\Java\jdk1.8.0_25\jre\bin\javaw.exe (OK)
Match:		1.8.0_25
Runtime used:	1.8.0_25 (64-bit)
Launcher:	C:\Program Files\Java\jdk1.8.0_25\jre\bin\javaw.exe
Launcher args:	-jar "I:\workspace\FSLaunchPad\jar\FSLaunchPad.exe"
Args length:	51/32768 chars
Exit code:	0


Version:	3.7
CmdLine:	I:\workspace\FSLaunchPad\jar\FSLaunchPad.exe --l4j-debug
WOW64:		yes
Working dir:	I:\workspace\FSLaunchPad\jar\.
64-bit search:	SOFTWARE\JavaSoft\Java Runtime Environment...
Check:		SOFTWARE\JavaSoft\Java Runtime Environment\1.6
Ignore:		1.6
Check:		SOFTWARE\JavaSoft\Java Runtime Environment\1.6.0_41
Ignore:		1.6.0_41
Check:		SOFTWARE\JavaSoft\Java Runtime Environment\1.7
Check launcher:	C:\Program Files\Java\jre7\bin\javaw.exe (OK)
Match:		1.7
Check:		SOFTWARE\JavaSoft\Java Runtime Environment\1.7.0_75
Check launcher:	C:\Program Files\Java\jre7\bin\javaw.exe (OK)
Match:		1.7.0_75
64-bit search:	SOFTWARE\JavaSoft\Java Development Kit...
Check:		SOFTWARE\JavaSoft\Java Development Kit\1.6
Ignore:		1.6
Check:		SOFTWARE\JavaSoft\Java Development Kit\1.6.0_41
Ignore:		1.6.0_41
Check:		SOFTWARE\JavaSoft\Java Development Kit\1.7
Ignore:		1.7
Check:		SOFTWARE\JavaSoft\Java Development Kit\1.7.0_65
Ignore:		1.7.0_65
Check:		SOFTWARE\JavaSoft\Java Development Kit\1.8
Check launcher:	C:\Program Files\Java\jdk1.8.0_25\jre\bin\javaw.exe (OK)
Match:		1.8
Check:		SOFTWARE\JavaSoft\Java Development Kit\1.8.0_25
Check launcher:	C:\Program Files\Java\jdk1.8.0_25\jre\bin\javaw.exe (OK)
Match:		1.8.0_25
Runtime used:	1.8.0_25 (64-bit)
Launcher:	C:\Program Files\Java\jdk1.8.0_25\jre\bin\javaw.exe
Launcher args:	-jar "I:\workspace\FSLaunchPad\jar\FSLaunchPad.exe"
Args length:	51/32768 chars
Exit code:	0


Version:	3.7
CmdLine:	I:\workspace\FSLaunchPad\jar\FSLaunchPad.exe --l4j-debug
WOW64:		yes
Working dir:	I:\workspace\FSLaunchPad\jar\.
64-bit search:	SOFTWARE\JavaSoft\Java Runtime Environment...
Check:		SOFTWARE\JavaSoft\Java Runtime Environment\1.6
Ignore:		1.6
Check:		SOFTWARE\JavaSoft\Java Runtime Environment\1.6.0_41
Ignore:		1.6.0_41
Check:		SOFTWARE\JavaSoft\Java Runtime Environment\1.7
Check launcher:	C:\Program Files\Java\jre7\bin\javaw.exe (OK)
Match:		1.7
Check:		SOFTWARE\JavaSoft\Java Runtime Environment\1.7.0_75
Check launcher:	C:\Program Files\Java\jre7\bin\javaw.exe (OK)
Match:		1.7.0_75
64-bit search:	SOFTWARE\JavaSoft\Java Development Kit...
Check:		SOFTWARE\JavaSoft\Java Development Kit\1.6
Ignore:		1.6
Check:		SOFTWARE\JavaSoft\Java Development Kit\1.6.0_41
Ignore:		1.6.0_41
Check:		SOFTWARE\JavaSoft\Java Development Kit\1.7
Ignore:		1.7
Check:		SOFTWARE\JavaSoft\Java Development Kit\1.7.0_65
Ignore:		1.7.0_65
Check:		SOFTWARE\JavaSoft\Java Development Kit\1.8
Check launcher:	C:\Program Files\Java\jdk1.8.0_25\jre\bin\javaw.exe (OK)
Match:		1.8
Check:		SOFTWARE\JavaSoft\Java Development Kit\1.8.0_25
Check launcher:	C:\Program Files\Java\jdk1.8.0_25\jre\bin\javaw.exe (OK)
Match:		1.8.0_25
Runtime used:	1.8.0_25 (64-bit)
Launcher:	C:\Program Files\Java\jdk1.8.0_25\jre\bin\javaw.exe
Launcher args:	-jar "I:\workspace\FSLaunchPad\jar\FSLaunchPad.exe"
Args length:	51/32768 chars
Exit code:	0


Version:	3.7
CmdLine:	I:\workspace\FSLaunchPad\jar\FSLaunchPad.exe --l4j-debug
WOW64:		yes
Working dir:	I:\workspace\FSLaunchPad\jar\.
64-bit search:	SOFTWARE\JavaSoft\Java Runtime Environment...
Check:		SOFTWARE\JavaSoft\Java Runtime Environment\1.6
Ignore:		1.6
Check:		SOFTWARE\JavaSoft\Java Runtime Environment\1.6.0_41
Ignore:		1.6.0_41
Check:		SOFTWARE\JavaSoft\Java Runtime Environment\1.7
Check launcher:	C:\Program Files\Java\jre7\bin\javaw.exe (OK)
Match:		1.7
Check:		SOFTWARE\JavaSoft\Java Runtime Environment\1.7.0_75
Check launcher:	C:\Program Files\Java\jre7\bin\javaw.exe (OK)
Match:		1.7.0_75
64-bit search:	SOFTWARE\JavaSoft\Java Development Kit...
Check:		SOFTWARE\JavaSoft\Java Development Kit\1.6
Ignore:		1.6
Check:		SOFTWARE\JavaSoft\Java Development Kit\1.6.0_41
Ignore:		1.6.0_41
Check:		SOFTWARE\JavaSoft\Java Development Kit\1.7
Ignore:		1.7
Check:		SOFTWARE\JavaSoft\Java Development Kit\1.7.0_65
Ignore:		1.7.0_65
Check:		SOFTWARE\JavaSoft\Java Development Kit\1.8
Check launcher:	C:\Program Files\Java\jdk1.8.0_25\jre\bin\javaw.exe (OK)
Match:		1.8
Check:		SOFTWARE\JavaSoft\Java Development Kit\1.8.0_25
Check launcher:	C:\Program Files\Java\jdk1.8.0_25\jre\bin\javaw.exe (OK)
Match:		1.8.0_25
Runtime used:	1.8.0_25 (64-bit)
Launcher:	C:\Program Files\Java\jdk1.8.0_25\jre\bin\javaw.exe
Launcher args:	-jar "I:\workspace\FSLaunchPad\jar\FSLaunchPad.exe"
Args length:	51/32768 chars
Exit code:	0


Version:	3.7
CmdLine:	I:\workspace\FSLaunchPad\jar\FSLaunchPad.exe --l4j-debug
WOW64:		yes
Working dir:	I:\workspace\FSLaunchPad\jar\.
64-bit search:	SOFTWARE\JavaSoft\Java Runtime Environment...
Check:		SOFTWARE\JavaSoft\Java Runtime Environment\1.6
Ignore:		1.6
Check:		SOFTWARE\JavaSoft\Java Runtime Environment\1.6.0_41
Ignore:		1.6.0_41
Check:		SOFTWARE\JavaSoft\Java Runtime Environment\1.7
Check launcher:	C:\Program Files\Java\jre7\bin\javaw.exe (OK)
Match:		1.7
Check:		SOFTWARE\JavaSoft\Java Runtime Environment\1.7.0_75
Check launcher:	C:\Program Files\Java\jre7\bin\javaw.exe (OK)
Match:		1.7.0_75
64-bit search:	SOFTWARE\JavaSoft\Java Development Kit...
Check:		SOFTWARE\JavaSoft\Java Development Kit\1.6
Ignore:		1.6
Check:		SOFTWARE\JavaSoft\Java Development Kit\1.6.0_41
Ignore:		1.6.0_41
Check:		SOFTWARE\JavaSoft\Java Development Kit\1.7
Ignore:		1.7
Check:		SOFTWARE\JavaSoft\Java Development Kit\1.7.0_65
Ignore:		1.7.0_65
Check:		SOFTWARE\JavaSoft\Java Development Kit\1.8
Check launcher:	C:\Program Files\Java\jdk1.8.0_25\jre\bin\javaw.exe (OK)
Match:		1.8
Check:		SOFTWARE\JavaSoft\Java Development Kit\1.8.0_25
Check launcher:	C:\Program Files\Java\jdk1.8.0_25\jre\bin\javaw.exe (OK)
Match:		1.8.0_25
Runtime used:	1.8.0_25 (64-bit)
Launcher:	C:\Program Files\Java\jdk1.8.0_25\jre\bin\javaw.exe
Launcher args:	-jar "I:\workspace\FSLaunchPad\jar\FSLaunchPad.exe"
Args length:	51/32768 chars
Exit code:	0


Version:	3.7
CmdLine:	I:\workspace\FSLaunchPad\jar\FSLaunchPad.exe --l4j-debug
WOW64:		yes
Working dir:	I:\workspace\FSLaunchPad\jar\.
64-bit search:	SOFTWARE\JavaSoft\Java Runtime Environment...
Check:		SOFTWARE\JavaSoft\Java Runtime Environment\1.8
Check launcher:	C:\Program Files\Java\jre1.8.0_60\bin\javaw.exe (OK)
Match:		1.8
Check:		SOFTWARE\JavaSoft\Java Runtime Environment\1.8.0_60
Check launcher:	C:\Program Files\Java\jre1.8.0_60\bin\javaw.exe (OK)
Match:		1.8.0_60
64-bit search:	SOFTWARE\JavaSoft\Java Development Kit...
Check:		SOFTWARE\JavaSoft\Java Development Kit\1.6
Ignore:		1.6
Check:		SOFTWARE\JavaSoft\Java Development Kit\1.6.0_41
Ignore:		1.6.0_41
Check:		SOFTWARE\JavaSoft\Java Development Kit\1.7
Ignore:		1.7
Check:		SOFTWARE\JavaSoft\Java Development Kit\1.7.0_65
Ignore:		1.7.0_65
Check:		SOFTWARE\JavaSoft\Java Development Kit\1.8
Ignore:		1.8
Check:		SOFTWARE\JavaSoft\Java Development Kit\1.8.0_25
Ignore:		1.8.0_25
Runtime used:	1.8.0_60 (64-bit)
Launcher:	C:\Program Files\Java\jre1.8.0_60\bin\javaw.exe
Launcher args:	-jar "I:\workspace\FSLaunchPad\jar\FSLaunchPad.exe"
Args length:	51/32768 chars
Exit code:	0


Version:	3.7
CmdLine:	I:\workspace\FSLaunchPad\jar\FSLaunchPad.exe --l4j-debug
WOW64:		yes
Working dir:	I:\workspace\FSLaunchPad\jar\.
64-bit search:	SOFTWARE\JavaSoft\Java Runtime Environment...
Check:		SOFTWARE\JavaSoft\Java Runtime Environment\1.8
Check launcher:	C:\Program Files\Java\jre1.8.0_60\bin\javaw.exe (OK)
Match:		1.8
Check:		SOFTWARE\JavaSoft\Java Runtime Environment\1.8.0_60
Check launcher:	C:\Program Files\Java\jre1.8.0_60\bin\javaw.exe (OK)
Match:		1.8.0_60
64-bit search:	SOFTWARE\JavaSoft\Java Development Kit...
Check:		SOFTWARE\JavaSoft\Java Development Kit\1.6
Ignore:		1.6
Check:		SOFTWARE\JavaSoft\Java Development Kit\1.6.0_41
Ignore:		1.6.0_41
Check:		SOFTWARE\JavaSoft\Java Development Kit\1.7
Ignore:		1.7
Check:		SOFTWARE\JavaSoft\Java Development Kit\1.7.0_65
Ignore:		1.7.0_65
Check:		SOFTWARE\JavaSoft\Java Development Kit\1.8
Ignore:		1.8
Check:		SOFTWARE\JavaSoft\Java Development Kit\1.8.0_25
Ignore:		1.8.0_25
Runtime used:	1.8.0_60 (64-bit)
Launcher:	C:\Program Files\Java\jre1.8.0_60\bin\javaw.exe
Launcher args:	-jar "I:\workspace\FSLaunchPad\jar\FSLaunchPad.exe"
Args length:	51/32768 chars
Exit code:	0


Version:	3.7
CmdLine:	I:\workspace\FSLaunchPad\jar\FSLaunchPad.exe --l4j-debug
WOW64:		yes
Working dir:	I:\workspace\FSLaunchPad\jar\.
64-bit search:	SOFTWARE\JavaSoft\Java Runtime Environment...
Check:		SOFTWARE\JavaSoft\Java Runtime Environment\1.8
Check launcher:	C:\Program Files\Java\jre1.8.0_60\bin\javaw.exe (OK)
Match:		1.8
Check:		SOFTWARE\JavaSoft\Java Runtime Environment\1.8.0_60
Check launcher:	C:\Program Files\Java\jre1.8.0_60\bin\javaw.exe (OK)
Match:		1.8.0_60
64-bit search:	SOFTWARE\JavaSoft\Java Development Kit...
Check:		SOFTWARE\JavaSoft\Java Development Kit\1.6
Ignore:		1.6
Check:		SOFTWARE\JavaSoft\Java Development Kit\1.6.0_41
Ignore:		1.6.0_41
Check:		SOFTWARE\JavaSoft\Java Development Kit\1.7
Ignore:		1.7
Check:		SOFTWARE\JavaSoft\Java Development Kit\1.7.0_65
Ignore:		1.7.0_65
Check:		SOFTWARE\JavaSoft\Java Development Kit\1.8
Ignore:		1.8
Check:		SOFTWARE\JavaSoft\Java Development Kit\1.8.0_25
Ignore:		1.8.0_25
Runtime used:	1.8.0_60 (64-bit)
Launcher:	C:\Program Files\Java\jre1.8.0_60\bin\javaw.exe
Launcher args:	-jar "I:\workspace\FSLaunchPad\jar\FSLaunchPad.exe"
Args length:	51/32768 chars
Exit code:	0


Version:	3.7
CmdLine:	I:\myworkspaces\fslauncher\workspace\FSLaunchPad\jar\FSLaunchPad.exe --l4j-debug
WOW64:		yes
Working dir:	I:\myworkspaces\fslauncher\workspace\FSLaunchPad\jar\.
64-bit search:	SOFTWARE\JavaSoft\Java Runtime Environment...
Check:		SOFTWARE\JavaSoft\Java Runtime Environment\1.8
Check launcher:	C:\Program Files\Java\jre1.8.0_60\bin\javaw.exe (OK)
Match:		1.8
Check:		SOFTWARE\JavaSoft\Java Runtime Environment\1.8.0_60
Check launcher:	C:\Program Files\Java\jre1.8.0_60\bin\javaw.exe (OK)
Match:		1.8.0_60
64-bit search:	SOFTWARE\JavaSoft\Java Development Kit...
Check:		SOFTWARE\JavaSoft\Java Development Kit\1.6
Ignore:		1.6
Check:		SOFTWARE\JavaSoft\Java Development Kit\1.6.0_41
Ignore:		1.6.0_41
Check:		SOFTWARE\JavaSoft\Java Development Kit\1.7
Ignore:		1.7
Check:		SOFTWARE\JavaSoft\Java Development Kit\1.7.0_65
Ignore:		1.7.0_65
Check:		SOFTWARE\JavaSoft\Java Development Kit\1.8
Ignore:		1.8
Check:		SOFTWARE\JavaSoft\Java Development Kit\1.8.0_25
Ignore:		1.8.0_25
Runtime used:	1.8.0_60 (64-bit)
Launcher:	C:\Program Files\Java\jre1.8.0_60\bin\javaw.exe
Launcher args:	-jar "I:\myworkspaces\fslauncher\workspace\FSLaunchPad\jar\FSLaunchPad.exe"
Args length:	75/32768 chars
Exit code:	0
